<?xml version="1.0" encoding="UTF-8"?>
<coverage generated="1567118596450" clover="3.2.0">
  <project timestamp="1567118596450" name="All files">
    <metrics statements="84" coveredstatements="80" conditionals="21" coveredconditionals="16" methods="20" coveredmethods="16" elements="125" coveredelements="112" complexity="0" loc="84" ncloc="84" packages="1" files="5" classes="5"/>
    <file name="Activity.jsx" path="/Users/ingrid/Desktop/FEC/location_module/src/Activity.jsx">
      <metrics statements="26" coveredstatements="26" conditionals="8" coveredconditionals="7" methods="6" coveredmethods="6"/>
      <line num="9" count="2" type="stmt"/>
      <line num="13" count="2" type="stmt"/>
      <line num="19" count="2" type="stmt"/>
      <line num="24" count="2" type="stmt"/>
      <line num="38" count="2" type="stmt"/>
      <line num="54" count="2" type="stmt"/>
      <line num="55" count="2" type="stmt"/>
      <line num="56" count="2" type="stmt"/>
      <line num="60" count="2" type="stmt"/>
      <line num="61" count="2" type="stmt"/>
      <line num="65" count="1" type="stmt"/>
      <line num="66" count="1" type="cond" truecount="1" falsecount="1"/>
      <line num="67" count="1" type="stmt"/>
      <line num="68" count="1" type="stmt"/>
      <line num="75" count="1" type="stmt"/>
      <line num="76" count="1" type="stmt"/>
      <line num="77" count="1" type="stmt"/>
      <line num="78" count="1" type="stmt"/>
      <line num="84" count="1" type="stmt"/>
      <line num="85" count="1" type="stmt"/>
      <line num="86" count="1" type="stmt"/>
      <line num="87" count="1" type="stmt"/>
      <line num="93" count="5" type="stmt"/>
      <line num="94" count="5" type="stmt"/>
      <line num="104" count="15" type="stmt"/>
      <line num="119" count="2" type="stmt"/>
    </file>
    <file name="ActivityEntry.jsx" path="/Users/ingrid/Desktop/FEC/location_module/src/ActivityEntry.jsx">
      <metrics statements="9" coveredstatements="8" conditionals="2" coveredconditionals="0" methods="1" coveredmethods="0"/>
      <line num="7" count="2" type="stmt"/>
      <line num="15" count="2" type="stmt"/>
      <line num="19" count="2" type="stmt"/>
      <line num="26" count="2" type="stmt"/>
      <line num="32" count="2" type="stmt"/>
      <line num="38" count="2" type="stmt"/>
      <line num="45" count="2" type="stmt"/>
      <line num="46" count="0" type="stmt"/>
      <line num="82" count="2" type="stmt"/>
    </file>
    <file name="App.jsx" path="/Users/ingrid/Desktop/FEC/location_module/src/App.jsx">
      <metrics statements="14" coveredstatements="12" conditionals="3" coveredconditionals="2" methods="6" coveredmethods="4"/>
      <line num="9" count="1" type="stmt"/>
      <line num="14" count="1" type="stmt"/>
      <line num="20" count="1" type="stmt"/>
      <line num="24" count="1" type="stmt"/>
      <line num="30" count="1" type="stmt"/>
      <line num="37" count="3" type="stmt"/>
      <line num="38" count="3" type="stmt"/>
      <line num="42" count="3" type="stmt"/>
      <line num="46" count="1" type="stmt"/>
      <line num="50" count="1" type="stmt"/>
      <line num="52" count="0" type="stmt"/>
      <line num="57" count="0" type="stmt"/>
      <line num="61" count="3" type="stmt"/>
      <line num="62" count="3" type="stmt"/>
    </file>
    <file name="Nearby.jsx" path="/Users/ingrid/Desktop/FEC/location_module/src/Nearby.jsx">
      <metrics statements="26" coveredstatements="26" conditionals="8" coveredconditionals="7" methods="6" coveredmethods="6"/>
      <line num="9" count="2" type="stmt"/>
      <line num="13" count="2" type="stmt"/>
      <line num="19" count="2" type="stmt"/>
      <line num="24" count="2" type="stmt"/>
      <line num="38" count="2" type="stmt"/>
      <line num="54" count="2" type="stmt"/>
      <line num="55" count="2" type="stmt"/>
      <line num="56" count="2" type="stmt"/>
      <line num="60" count="2" type="stmt"/>
      <line num="61" count="2" type="stmt"/>
      <line num="65" count="1" type="stmt"/>
      <line num="66" count="1" type="cond" truecount="1" falsecount="1"/>
      <line num="67" count="1" type="stmt"/>
      <line num="68" count="1" type="stmt"/>
      <line num="75" count="1" type="stmt"/>
      <line num="76" count="1" type="stmt"/>
      <line num="77" count="1" type="stmt"/>
      <line num="78" count="1" type="stmt"/>
      <line num="84" count="1" type="stmt"/>
      <line num="85" count="1" type="stmt"/>
      <line num="86" count="1" type="stmt"/>
      <line num="87" count="1" type="stmt"/>
      <line num="93" count="5" type="stmt"/>
      <line num="94" count="5" type="stmt"/>
      <line num="104" count="9" type="stmt"/>
      <line num="118" count="2" type="stmt"/>
    </file>
    <file name="NearbyEntry.jsx" path="/Users/ingrid/Desktop/FEC/location_module/src/NearbyEntry.jsx">
      <metrics statements="9" coveredstatements="8" conditionals="0" coveredconditionals="0" methods="1" coveredmethods="0"/>
      <line num="7" count="2" type="stmt"/>
      <line num="15" count="2" type="stmt"/>
      <line num="18" count="2" type="stmt"/>
      <line num="24" count="2" type="stmt"/>
      <line num="29" count="2" type="stmt"/>
      <line num="34" count="2" type="stmt"/>
      <line num="41" count="2" type="stmt"/>
      <line num="42" count="0" type="stmt"/>
      <line num="77" count="2" type="stmt"/>
    </file>
  </project>
</coverage>
