{"/Users/ingrid/Desktop/FEC/location_module/src/Activity.jsx": {"path":"/Users/ingrid/Desktop/FEC/location_module/src/Activity.jsx","statementMap":{"0":{"start":{"line":9,"column":24},"end":{"line":11,"column":1}},"1":{"start":{"line":13,"column":23},"end":{"line":17,"column":1}},"2":{"start":{"line":19,"column":30},"end":{"line":22,"column":1}},"3":{"start":{"line":24,"column":27},"end":{"line":36,"column":1}},"4":{"start":{"line":38,"column":26},"end":{"line":50,"column":1}},"5":{"start":{"line":54,"column":4},"end":{"line":54,"column":17}},"6":{"start":{"line":55,"column":27},"end":{"line":55,"column":37}},"7":{"start":{"line":56,"column":4},"end":{"line":59,"column":6}},"8":{"start":{"line":60,"column":4},"end":{"line":60,"column":37}},"9":{"start":{"line":61,"column":4},"end":{"line":61,"column":37}},"10":{"start":{"line":65,"column":27},"end":{"line":65,"column":37}},"11":{"start":{"line":66,"column":4},"end":{"line":71,"column":5}},"12":{"start":{"line":67,"column":18},"end":{"line":67,"column":40}},"13":{"start":{"line":68,"column":6},"end":{"line":70,"column":9}},"14":{"start":{"line":75,"column":41},"end":{"line":75,"column":51}},"15":{"start":{"line":76,"column":19},"end":{"line":76,"column":41}},"16":{"start":{"line":77,"column":16},"end":{"line":77,"column":52}},"17":{"start":{"line":78,"column":4},"end":{"line":80,"column":7}},"18":{"start":{"line":84,"column":41},"end":{"line":84,"column":51}},"19":{"start":{"line":85,"column":19},"end":{"line":85,"column":41}},"20":{"start":{"line":86,"column":16},"end":{"line":86,"column":56}},"21":{"start":{"line":87,"column":4},"end":{"line":89,"column":7}},"22":{"start":{"line":93,"column":41},"end":{"line":93,"column":51}},"23":{"start":{"line":94,"column":4},"end":{"line":115,"column":6}},"24":{"start":{"line":104,"column":16},"end":{"line":104,"column":57}},"25":{"start":{"line":119,"column":0},"end":{"line":121,"column":2}}},"fnMap":{"0":{"name":"(anonymous_0)","decl":{"start":{"line":53,"column":2},"end":{"line":53,"column":3}},"loc":{"start":{"line":53,"column":21},"end":{"line":62,"column":3}},"line":53},"1":{"name":"(anonymous_1)","decl":{"start":{"line":64,"column":2},"end":{"line":64,"column":3}},"loc":{"start":{"line":64,"column":22},"end":{"line":72,"column":3}},"line":64},"2":{"name":"(anonymous_2)","decl":{"start":{"line":74,"column":2},"end":{"line":74,"column":3}},"loc":{"start":{"line":74,"column":9},"end":{"line":81,"column":3}},"line":74},"3":{"name":"(anonymous_3)","decl":{"start":{"line":83,"column":2},"end":{"line":83,"column":3}},"loc":{"start":{"line":83,"column":9},"end":{"line":90,"column":3}},"line":83},"4":{"name":"(anonymous_4)","decl":{"start":{"line":92,"column":2},"end":{"line":92,"column":3}},"loc":{"start":{"line":92,"column":11},"end":{"line":116,"column":3}},"line":92},"5":{"name":"(anonymous_5)","decl":{"start":{"line":103,"column":32},"end":{"line":103,"column":33}},"loc":{"start":{"line":104,"column":16},"end":{"line":104,"column":57}},"line":104}},"branchMap":{"0":{"loc":{"start":{"line":66,"column":4},"end":{"line":71,"column":5}},"type":"if","locations":[{"start":{"line":66,"column":4},"end":{"line":71,"column":5}},{"start":{"line":66,"column":4},"end":{"line":71,"column":5}}],"line":66},"1":{"loc":{"start":{"line":96,"column":9},"end":{"line":112,"column":9}},"type":"binary-expr","locations":[{"start":{"line":96,"column":9},"end":{"line":96,"column":32}},{"start":{"line":97,"column":8},"end":{"line":111,"column":26}}],"line":96},"2":{"loc":{"start":{"line":100,"column":15},"end":{"line":102,"column":15}},"type":"binary-expr","locations":[{"start":{"line":100,"column":15},"end":{"line":100,"column":59}},{"start":{"line":101,"column":14},"end":{"line":101,"column":65}}],"line":100},"3":{"loc":{"start":{"line":106,"column":15},"end":{"line":108,"column":15}},"type":"binary-expr","locations":[{"start":{"line":106,"column":15},"end":{"line":106,"column":42}},{"start":{"line":107,"column":14},"end":{"line":107,"column":67}}],"line":106}},"s":{"0":2,"1":2,"2":2,"3":2,"4":2,"5":2,"6":2,"7":2,"8":2,"9":2,"10":1,"11":1,"12":1,"13":1,"14":1,"15":1,"16":1,"17":1,"18":1,"19":1,"20":1,"21":1,"22":5,"23":5,"24":15,"25":2},"f":{"0":2,"1":1,"2":1,"3":1,"4":5,"5":15},"b":{"0":[1,0],"1":[5,3],"2":[3,3],"3":[3,1]},"_coverageSchema":"43e27e138ebf9cfc5966b082cf9a028302ed4184","hash":"e258ff7eb0fcf948db3db5f52efb77396761cbe4"}
,"/Users/ingrid/Desktop/FEC/location_module/src/ActivityEntry.jsx": {"path":"/Users/ingrid/Desktop/FEC/location_module/src/ActivityEntry.jsx","statementMap":{"0":{"start":{"line":7,"column":29},"end":{"line":13,"column":1}},"1":{"start":{"line":15,"column":20},"end":{"line":17,"column":1}},"2":{"start":{"line":19,"column":26},"end":{"line":24,"column":1}},"3":{"start":{"line":26,"column":22},"end":{"line":30,"column":1}},"4":{"start":{"line":32,"column":22},"end":{"line":36,"column":1}},"5":{"start":{"line":38,"column":22},"end":{"line":43,"column":1}},"6":{"start":{"line":45,"column":22},"end":{"line":79,"column":1}},"7":{"start":{"line":46,"column":2},"end":{"line":78,"column":25}},"8":{"start":{"line":82,"column":0},"end":{"line":84,"column":2}}},"fnMap":{"0":{"name":"(anonymous_0)","decl":{"start":{"line":45,"column":22},"end":{"line":45,"column":23}},"loc":{"start":{"line":46,"column":2},"end":{"line":78,"column":25}},"line":46}},"branchMap":{"0":{"loc":{"start":{"line":62,"column":7},"end":{"line":73,"column":7}},"type":"binary-expr","locations":[{"start":{"line":62,"column":7},"end":{"line":62,"column":24}},{"start":{"line":63,"column":8},"end":{"line":72,"column":15}}],"line":62}},"s":{"0":2,"1":2,"2":2,"3":2,"4":2,"5":2,"6":2,"7":0,"8":2},"f":{"0":0},"b":{"0":[0,0]},"_coverageSchema":"43e27e138ebf9cfc5966b082cf9a028302ed4184","hash":"592363ded67255d1bdf4868b7db0855f9d9d6322"}
,"/Users/ingrid/Desktop/FEC/location_module/src/App.jsx": {"path":"/Users/ingrid/Desktop/FEC/location_module/src/App.jsx","statementMap":{"0":{"start":{"line":9,"column":19},"end":{"line":12,"column":1}},"1":{"start":{"line":14,"column":18},"end":{"line":18,"column":1}},"2":{"start":{"line":20,"column":22},"end":{"line":22,"column":1}},"3":{"start":{"line":24,"column":23},"end":{"line":28,"column":1}},"4":{"start":{"line":30,"column":26},"end":{"line":33,"column":1}},"5":{"start":{"line":37,"column":4},"end":{"line":37,"column":17}},"6":{"start":{"line":38,"column":4},"end":{"line":41,"column":6}},"7":{"start":{"line":42,"column":4},"end":{"line":42,"column":41}},"8":{"start":{"line":46,"column":4},"end":{"line":46,"column":18}},"9":{"start":{"line":50,"column":4},"end":{"line":57,"column":29}},"10":{"start":{"line":52,"column":8},"end":{"line":55,"column":11}},"11":{"start":{"line":57,"column":23},"end":{"line":57,"column":26}},"12":{"start":{"line":61,"column":40},"end":{"line":61,"column":50}},"13":{"start":{"line":62,"column":4},"end":{"line":77,"column":6}}},"fnMap":{"0":{"name":"(anonymous_0)","decl":{"start":{"line":36,"column":2},"end":{"line":36,"column":3}},"loc":{"start":{"line":36,"column":21},"end":{"line":43,"column":3}},"line":36},"1":{"name":"(anonymous_1)","decl":{"start":{"line":45,"column":2},"end":{"line":45,"column":3}},"loc":{"start":{"line":45,"column":22},"end":{"line":47,"column":3}},"line":45},"2":{"name":"(anonymous_2)","decl":{"start":{"line":49,"column":2},"end":{"line":49,"column":3}},"loc":{"start":{"line":49,"column":17},"end":{"line":58,"column":3}},"line":49},"3":{"name":"(anonymous_3)","decl":{"start":{"line":51,"column":12},"end":{"line":51,"column":13}},"loc":{"start":{"line":51,"column":23},"end":{"line":56,"column":7}},"line":51},"4":{"name":"(anonymous_4)","decl":{"start":{"line":57,"column":13},"end":{"line":57,"column":14}},"loc":{"start":{"line":57,"column":23},"end":{"line":57,"column":26}},"line":57},"5":{"name":"(anonymous_5)","decl":{"start":{"line":60,"column":2},"end":{"line":60,"column":3}},"loc":{"start":{"line":60,"column":11},"end":{"line":78,"column":3}},"line":60}},"branchMap":{"0":{"loc":{"start":{"line":49,"column":9},"end":{"line":49,"column":15}},"type":"default-arg","locations":[{"start":{"line":49,"column":14},"end":{"line":49,"column":15}}],"line":49},"1":{"loc":{"start":{"line":64,"column":9},"end":{"line":75,"column":9}},"type":"binary-expr","locations":[{"start":{"line":64,"column":9},"end":{"line":64,"column":31}},{"start":{"line":65,"column":8},"end":{"line":74,"column":14}}],"line":64}},"s":{"0":1,"1":1,"2":1,"3":1,"4":1,"5":3,"6":3,"7":3,"8":1,"9":1,"10":0,"11":0,"12":3,"13":3},"f":{"0":3,"1":1,"2":1,"3":0,"4":0,"5":3},"b":{"0":[1],"1":[3,0]},"_coverageSchema":"43e27e138ebf9cfc5966b082cf9a028302ed4184","hash":"718a2d12c66646ea9f770c71132144780e90649b"}
,"/Users/ingrid/Desktop/FEC/location_module/src/Nearby.jsx": {"path":"/Users/ingrid/Desktop/FEC/location_module/src/Nearby.jsx","statementMap":{"0":{"start":{"line":9,"column":22},"end":{"line":11,"column":1}},"1":{"start":{"line":13,"column":15},"end":{"line":17,"column":1}},"2":{"start":{"line":19,"column":22},"end":{"line":22,"column":1}},"3":{"start":{"line":24,"column":19},"end":{"line":36,"column":1}},"4":{"start":{"line":38,"column":18},"end":{"line":50,"column":1}},"5":{"start":{"line":54,"column":4},"end":{"line":54,"column":17}},"6":{"start":{"line":55,"column":28},"end":{"line":55,"column":38}},"7":{"start":{"line":56,"column":4},"end":{"line":59,"column":6}},"8":{"start":{"line":60,"column":4},"end":{"line":60,"column":37}},"9":{"start":{"line":61,"column":4},"end":{"line":61,"column":37}},"10":{"start":{"line":65,"column":28},"end":{"line":65,"column":38}},"11":{"start":{"line":66,"column":4},"end":{"line":71,"column":5}},"12":{"start":{"line":67,"column":18},"end":{"line":67,"column":41}},"13":{"start":{"line":68,"column":6},"end":{"line":70,"column":9}},"14":{"start":{"line":75,"column":39},"end":{"line":75,"column":49}},"15":{"start":{"line":76,"column":19},"end":{"line":76,"column":38}},"16":{"start":{"line":77,"column":16},"end":{"line":77,"column":53}},"17":{"start":{"line":78,"column":4},"end":{"line":80,"column":7}},"18":{"start":{"line":84,"column":39},"end":{"line":84,"column":49}},"19":{"start":{"line":85,"column":19},"end":{"line":85,"column":57}},"20":{"start":{"line":86,"column":16},"end":{"line":86,"column":57}},"21":{"start":{"line":87,"column":4},"end":{"line":89,"column":7}},"22":{"start":{"line":93,"column":39},"end":{"line":93,"column":49}},"23":{"start":{"line":94,"column":4},"end":{"line":114,"column":6}},"24":{"start":{"line":104,"column":18},"end":{"line":104,"column":55}},"25":{"start":{"line":118,"column":0},"end":{"line":120,"column":2}}},"fnMap":{"0":{"name":"(anonymous_0)","decl":{"start":{"line":53,"column":2},"end":{"line":53,"column":3}},"loc":{"start":{"line":53,"column":21},"end":{"line":62,"column":3}},"line":53},"1":{"name":"(anonymous_1)","decl":{"start":{"line":64,"column":2},"end":{"line":64,"column":3}},"loc":{"start":{"line":64,"column":22},"end":{"line":72,"column":3}},"line":64},"2":{"name":"(anonymous_2)","decl":{"start":{"line":74,"column":2},"end":{"line":74,"column":3}},"loc":{"start":{"line":74,"column":9},"end":{"line":81,"column":3}},"line":74},"3":{"name":"(anonymous_3)","decl":{"start":{"line":83,"column":2},"end":{"line":83,"column":3}},"loc":{"start":{"line":83,"column":9},"end":{"line":90,"column":3}},"line":83},"4":{"name":"(anonymous_4)","decl":{"start":{"line":92,"column":2},"end":{"line":92,"column":3}},"loc":{"start":{"line":92,"column":11},"end":{"line":115,"column":3}},"line":92},"5":{"name":"(anonymous_5)","decl":{"start":{"line":103,"column":31},"end":{"line":103,"column":32}},"loc":{"start":{"line":104,"column":18},"end":{"line":104,"column":55}},"line":104}},"branchMap":{"0":{"loc":{"start":{"line":66,"column":4},"end":{"line":71,"column":5}},"type":"if","locations":[{"start":{"line":66,"column":4},"end":{"line":71,"column":5}},{"start":{"line":66,"column":4},"end":{"line":71,"column":5}}],"line":66},"1":{"loc":{"start":{"line":96,"column":9},"end":{"line":112,"column":9}},"type":"binary-expr","locations":[{"start":{"line":96,"column":9},"end":{"line":96,"column":29}},{"start":{"line":97,"column":10},"end":{"line":111,"column":26}}],"line":96},"2":{"loc":{"start":{"line":100,"column":17},"end":{"line":102,"column":17}},"type":"binary-expr","locations":[{"start":{"line":100,"column":17},"end":{"line":100,"column":59}},{"start":{"line":101,"column":16},"end":{"line":101,"column":59}}],"line":100},"3":{"loc":{"start":{"line":106,"column":17},"end":{"line":108,"column":17}},"type":"binary-expr","locations":[{"start":{"line":106,"column":17},"end":{"line":106,"column":41}},{"start":{"line":107,"column":16},"end":{"line":107,"column":61}}],"line":106}},"s":{"0":2,"1":2,"2":2,"3":2,"4":2,"5":2,"6":2,"7":2,"8":2,"9":2,"10":1,"11":1,"12":1,"13":1,"14":1,"15":1,"16":1,"17":1,"18":1,"19":1,"20":1,"21":1,"22":5,"23":5,"24":9,"25":2},"f":{"0":2,"1":1,"2":1,"3":1,"4":5,"5":9},"b":{"0":[1,0],"1":[5,3],"2":[3,3],"3":[3,1]},"_coverageSchema":"43e27e138ebf9cfc5966b082cf9a028302ed4184","hash":"d63887a089041bd385419c0febb13d04cc789cf2"}
,"/Users/ingrid/Desktop/FEC/location_module/src/NearbyEntry.jsx": {"path":"/Users/ingrid/Desktop/FEC/location_module/src/NearbyEntry.jsx","statementMap":{"0":{"start":{"line":7,"column":27},"end":{"line":13,"column":1}},"1":{"start":{"line":15,"column":12},"end":{"line":16,"column":1}},"2":{"start":{"line":18,"column":18},"end":{"line":22,"column":1}},"3":{"start":{"line":24,"column":14},"end":{"line":27,"column":1}},"4":{"start":{"line":29,"column":14},"end":{"line":32,"column":1}},"5":{"start":{"line":34,"column":14},"end":{"line":39,"column":1}},"6":{"start":{"line":41,"column":20},"end":{"line":75,"column":1}},"7":{"start":{"line":42,"column":2},"end":{"line":74,"column":23}},"8":{"start":{"line":77,"column":0},"end":{"line":79,"column":2}}},"fnMap":{"0":{"name":"(anonymous_0)","decl":{"start":{"line":41,"column":20},"end":{"line":41,"column":21}},"loc":{"start":{"line":42,"column":2},"end":{"line":74,"column":23}},"line":42}},"branchMap":{},"s":{"0":2,"1":2,"2":2,"3":2,"4":2,"5":2,"6":2,"7":0,"8":2},"f":{"0":0},"b":{},"_coverageSchema":"43e27e138ebf9cfc5966b082cf9a028302ed4184","hash":"7d933826191d987aaa878ed9e1b1d29ac4d9ba8f"}
}
