TN:
SF:/Users/ingrid/Desktop/FEC/location_module/src/App.jsx
FN:15,(anonymous_0)
FN:24,(anonymous_1)
FN:28,(anonymous_2)
FN:30,(anonymous_3)
FN:36,(anonymous_4)
FN:39,(anonymous_5)
FNF:6
FNH:4
FNDA:3,(anonymous_0)
FNDA:1,(anonymous_1)
FNDA:1,(anonymous_2)
FNDA:0,(anonymous_3)
FNDA:0,(anonymous_4)
FNDA:3,(anonymous_5)
DA:9,1
DA:16,3
DA:17,3
DA:21,3
DA:25,1
DA:29,1
DA:31,0
DA:36,0
DA:40,3
DA:41,3
LF:10
LH:8
BRDA:28,0,0,1
BRDA:43,1,0,3
BRDA:43,1,1,0
BRF:3
BRH:2
end_of_record
TN:
SF:/Users/ingrid/Desktop/FEC/location_module/src/Nearby.jsx
FN:25,(anonymous_0)
FN:36,(anonymous_1)
FN:44,(anonymous_2)
FN:52,(anonymous_3)
FN:60,(anonymous_4)
FN:70,(anonymous_5)
FN:84,(anonymous_6)
FNF:7
FNH:7
FNDA:1,(anonymous_0)
FNDA:1,(anonymous_1)
FNDA:1,(anonymous_2)
FNDA:3,(anonymous_3)
FNDA:1,(anonymous_4)
FNDA:1,(anonymous_5)
FNDA:36,(anonymous_6)
DA:8,2
DA:12,2
DA:18,2
DA:26,1
DA:27,1
DA:28,1
DA:32,1
DA:33,1
DA:37,1
DA:38,1
DA:39,1
DA:45,1
DA:46,1
DA:47,1
DA:53,3
DA:54,3
DA:60,1
DA:70,1
DA:85,36
DA:97,2
LF:20
LH:20
BRDA:56,0,0,3
BRDA:56,0,1,3
BRF:2
BRH:2
end_of_record
TN:
SF:/Users/ingrid/Desktop/FEC/location_module/src/NearbyEntry.jsx
FN:17,(anonymous_0)
FNF:1
FNH:0
FNDA:0,(anonymous_0)
DA:5,2
DA:12,2
DA:17,2
DA:18,0
DA:37,2
LF:5
LH:4
BRF:0
BRH:0
end_of_record
