TN:
SF:/Users/ingrid/Desktop/FEC/location_module/src/App.jsx
FN:25,(anonymous_0)
FN:33,(anonymous_1)
FN:37,(anonymous_2)
FN:39,(anonymous_3)
FN:44,(anonymous_4)
FN:47,(anonymous_5)
FNF:6
FNH:4
FNDA:3,(anonymous_0)
FNDA:1,(anonymous_1)
FNDA:1,(anonymous_2)
FNDA:0,(anonymous_3)
FNDA:0,(anonymous_4)
FNDA:3,(anonymous_5)
DA:9,1
DA:14,1
DA:20,1
DA:26,3
DA:27,3
DA:30,3
DA:34,1
DA:38,1
DA:40,0
DA:44,0
DA:48,3
DA:49,3
LF:12
LH:10
BRDA:37,0,0,1
BRDA:51,1,0,3
BRDA:51,1,1,0
BRF:3
BRH:2
end_of_record
TN:
SF:/Users/ingrid/Desktop/FEC/location_module/src/Nearby.jsx
FN:53,(anonymous_0)
FN:64,(anonymous_1)
FN:74,(anonymous_2)
FN:83,(anonymous_3)
FN:92,(anonymous_4)
FN:103,(anonymous_5)
FNF:6
FNH:6
FNDA:2,(anonymous_0)
FNDA:1,(anonymous_1)
FNDA:1,(anonymous_2)
FNDA:1,(anonymous_3)
FNDA:5,(anonymous_4)
FNDA:9,(anonymous_5)
DA:9,2
DA:13,2
DA:19,2
DA:24,2
DA:38,2
DA:54,2
DA:55,2
DA:56,2
DA:60,2
DA:61,2
DA:65,1
DA:66,1
DA:67,1
DA:68,1
DA:75,1
DA:76,1
DA:77,1
DA:78,1
DA:84,1
DA:85,1
DA:86,1
DA:87,1
DA:93,5
DA:94,5
DA:104,9
DA:118,2
LF:26
LH:26
BRDA:66,0,0,1
BRDA:66,0,1,0
BRDA:96,1,0,5
BRDA:96,1,1,3
BRDA:100,2,0,3
BRDA:100,2,1,3
BRDA:106,3,0,3
BRDA:106,3,1,1
BRF:8
BRH:7
end_of_record
TN:
SF:/Users/ingrid/Desktop/FEC/location_module/src/NearbyEntry.jsx
FN:41,(anonymous_0)
FNF:1
FNH:0
FNDA:0,(anonymous_0)
DA:7,2
DA:15,2
DA:18,2
DA:24,2
DA:29,2
DA:34,2
DA:41,2
DA:42,0
DA:77,2
LF:9
LH:8
BRF:0
BRH:0
end_of_record
